<?xml version="1.0" encoding="UTF-8"?>
<testsuite xmlns:xsi="http://www.w3.org/2001/XMLSchema-instance" xsi:noNamespaceSchemaLocation="https://maven.apache.org/surefire/maven-surefire-plugin/xsd/surefire-test-report-3.0.xsd" version="3.0" name="SwitchExpressionTests" time="0.309" tests="6" errors="0" skipped="0" failures="0">
  <properties>
    <property name="java.specification.version" value="18"/>
    <property name="sun.cpu.isalist" value="amd64"/>
    <property name="sun.jnu.encoding" value="Cp1251"/>
    <property name="java.class.path" value="D:\Repositories\Spoon_dev\java_code_source_processor\target\test-classes;D:\Repositories\Spoon_dev\java_code_source_processor\target\classes;C:\Users\user99\.m2\repository\fr\inria\gforge\spoon\spoon-core\10.4.0\spoon-core-10.4.0.jar;C:\Users\user99\.m2\repository\org\eclipse\jdt\org.eclipse.jdt.core\3.33.0\org.eclipse.jdt.core-3.33.0.jar;C:\Users\user99\.m2\repository\org\eclipse\jdt\ecj\3.33.0\ecj-3.33.0.jar;C:\Users\user99\.m2\repository\com\martiansoftware\jsap\2.1\jsap-2.1.jar;C:\Users\user99\.m2\repository\org\slf4j\slf4j-api\1.7.36\slf4j-api-1.7.36.jar;C:\Users\user99\.m2\repository\commons-io\commons-io\2.13.0\commons-io-2.13.0.jar;C:\Users\user99\.m2\repository\org\apache\maven\maven-model\3.6.0\maven-model-3.6.0.jar;C:\Users\user99\.m2\repository\org\codehaus\plexus\plexus-utils\3.1.0\plexus-utils-3.1.0.jar;C:\Users\user99\.m2\repository\org\apache\commons\commons-lang3\3.12.0\commons-lang3-3.12.0.jar;C:\Users\user99\.m2\repository\com\fasterxml\jackson\core\jackson-databind\2.15.2\jackson-databind-2.15.2.jar;C:\Users\user99\.m2\repository\com\fasterxml\jackson\core\jackson-annotations\2.15.2\jackson-annotations-2.15.2.jar;C:\Users\user99\.m2\repository\com\fasterxml\jackson\core\jackson-core\2.15.2\jackson-core-2.15.2.jar;C:\Users\user99\.m2\repository\org\apache\commons\commons-compress\1.23.0\commons-compress-1.23.0.jar;C:\Users\user99\.m2\repository\org\apache\maven\shared\maven-invoker\3.2.0\maven-invoker-3.2.0.jar;C:\Users\user99\.m2\repository\org\apache\maven\shared\maven-shared-utils\3.3.4\maven-shared-utils-3.3.4.jar;C:\Users\user99\.m2\repository\javax\inject\javax.inject\1\javax.inject-1.jar;C:\Users\user99\.m2\repository\junit\junit\4.13.2\junit-4.13.2.jar;C:\Users\user99\.m2\repository\org\hamcrest\hamcrest-core\1.3\hamcrest-core-1.3.jar;"/>
    <property name="java.vm.vendor" value="Amazon.com Inc."/>
    <property name="jdt.compiler.useSingleThread" value="true"/>
    <property name="sun.arch.data.model" value="64"/>
    <property name="user.variant" value=""/>
    <property name="java.vendor.url" value="https://aws.amazon.com/corretto/"/>
    <property name="user.timezone" value="Europe/Moscow"/>
    <property name="os.name" value="Windows 10"/>
    <property name="java.vm.specification.version" value="18"/>
    <property name="spoon.log.path" value="${java.io.tmpdir}/spoon-log.log"/>
    <property name="sun.java.launcher" value="SUN_STANDARD"/>
    <property name="user.country" value="US"/>
    <property name="sun.boot.library.path" value="C:\Users\user99\.jdks\corretto-18.0.2\bin"/>
    <property name="sun.java.command" value="C:\Users\user99\AppData\Local\Temp\surefire12489202525777925249\surefirebooter-20231004100049334_3.jar C:\Users\user99\AppData\Local\Temp\surefire12489202525777925249 2023-10-04T10-00-49_232-jvmRun1 surefire-20231004100049334_1tmp surefire_0-20231004100049334_2tmp"/>
    <property name="jdk.debug" value="release"/>
    <property name="surefire.test.class.path" value="D:\Repositories\Spoon_dev\java_code_source_processor\target\test-classes;D:\Repositories\Spoon_dev\java_code_source_processor\target\classes;C:\Users\user99\.m2\repository\fr\inria\gforge\spoon\spoon-core\10.4.0\spoon-core-10.4.0.jar;C:\Users\user99\.m2\repository\org\eclipse\jdt\org.eclipse.jdt.core\3.33.0\org.eclipse.jdt.core-3.33.0.jar;C:\Users\user99\.m2\repository\org\eclipse\jdt\ecj\3.33.0\ecj-3.33.0.jar;C:\Users\user99\.m2\repository\com\martiansoftware\jsap\2.1\jsap-2.1.jar;C:\Users\user99\.m2\repository\org\slf4j\slf4j-api\1.7.36\slf4j-api-1.7.36.jar;C:\Users\user99\.m2\repository\commons-io\commons-io\2.13.0\commons-io-2.13.0.jar;C:\Users\user99\.m2\repository\org\apache\maven\maven-model\3.6.0\maven-model-3.6.0.jar;C:\Users\user99\.m2\repository\org\codehaus\plexus\plexus-utils\3.1.0\plexus-utils-3.1.0.jar;C:\Users\user99\.m2\repository\org\apache\commons\commons-lang3\3.12.0\commons-lang3-3.12.0.jar;C:\Users\user99\.m2\repository\com\fasterxml\jackson\core\jackson-databind\2.15.2\jackson-databind-2.15.2.jar;C:\Users\user99\.m2\repository\com\fasterxml\jackson\core\jackson-annotations\2.15.2\jackson-annotations-2.15.2.jar;C:\Users\user99\.m2\repository\com\fasterxml\jackson\core\jackson-core\2.15.2\jackson-core-2.15.2.jar;C:\Users\user99\.m2\repository\org\apache\commons\commons-compress\1.23.0\commons-compress-1.23.0.jar;C:\Users\user99\.m2\repository\org\apache\maven\shared\maven-invoker\3.2.0\maven-invoker-3.2.0.jar;C:\Users\user99\.m2\repository\org\apache\maven\shared\maven-shared-utils\3.3.4\maven-shared-utils-3.3.4.jar;C:\Users\user99\.m2\repository\javax\inject\javax.inject\1\javax.inject-1.jar;C:\Users\user99\.m2\repository\junit\junit\4.13.2\junit-4.13.2.jar;C:\Users\user99\.m2\repository\org\hamcrest\hamcrest-core\1.3\hamcrest-core-1.3.jar;"/>
    <property name="sun.cpu.endian" value="little"/>
    <property name="user.home" value="C:\Users\user99"/>
    <property name="user.language" value="en"/>
    <property name="java.specification.vendor" value="Oracle Corporation"/>
    <property name="java.version.date" value="2022-07-19"/>
    <property name="java.home" value="C:\Users\user99\.jdks\corretto-18.0.2"/>
    <property name="file.separator" value="\"/>
    <property name="basedir" value="D:\Repositories\Spoon_dev\java_code_source_processor"/>
    <property name="java.vm.compressedOopsMode" value="Zero based"/>
    <property name="line.separator" value="&#10;"/>
    <property name="java.vm.specification.vendor" value="Oracle Corporation"/>
    <property name="java.specification.name" value="Java Platform API Specification"/>
    <property name="surefire.real.class.path" value="C:\Users\user99\AppData\Local\Temp\surefire12489202525777925249\surefirebooter-20231004100049334_3.jar"/>
    <property name="user.script" value=""/>
    <property name="sun.management.compiler" value="HotSpot 64-Bit Tiered Compilers"/>
    <property name="java.runtime.version" value="18.0.2+9-FR"/>
    <property name="user.name" value="user99"/>
    <property name="path.separator" value=";"/>
    <property name="os.version" value="10.0"/>
    <property name="java.runtime.name" value="OpenJDK Runtime Environment"/>
    <property name="file.encoding" value="UTF-8"/>
    <property name="java.vm.name" value="OpenJDK 64-Bit Server VM"/>
    <property name="java.vendor.version" value="Corretto-18.0.2.9.1"/>
    <property name="localRepository" value="C:\Users\user99\.m2\repository"/>
    <property name="java.vendor.url.bug" value="https://github.com/corretto/corretto-18/issues/"/>
    <property name="java.io.tmpdir" value="C:\Users\user99\AppData\Local\Temp\"/>
    <property name="idea.version" value="2023.2.1"/>
    <property name="java.version" value="18.0.2"/>
    <property name="user.dir" value="D:\Repositories\Spoon_dev\java_code_source_processor"/>
    <property name="os.arch" value="amd64"/>
    <property name="java.vm.specification.name" value="Java Virtual Machine Specification"/>
    <property name="sun.os.patch.level" value=""/>
    <property name="native.encoding" value="Cp1251"/>
    <property name="java.library.path" value="C:\Users\user99\.jdks\corretto-18.0.2\bin;C:\Windows\Sun\Java\bin;C:\Windows\system32;C:\Windows;C:\Windows\system32;C:\Windows;C:\Windows\System32\Wbem;C:\Windows\System32\WindowsPowerShell\v1.0\;C:\Windows\System32\OpenSSH\;C:\Program Files\Git\cmd;C:\Program Files\TortoiseSVN\bin;C:\Program Files\Microsoft SQL Server\Client SDK\ODBC\170\Tools\Binn\;C:\Program Files\Microsoft SQL Server\150\Tools\Binn\;C:\Program Files (x86)\Microsoft SQL Server\150\DTS\Binn\;C:\Program Files\Azure Data Studio\bin;C:\Program Files (x86)\Microsoft SQL Server\150\Tools\Binn\;C:\Program Files\Microsoft SQL Server\150\DTS\Binn\;C:\Program Files\dotnet\;C:\Program Files\nodejs\;C:\Program Files\Docker\Docker\resources\bin;C:\Users\user99\AppData\Local\Microsoft\WindowsApps;;C:\Users\user99\AppData\Local\Programs\Microsoft VS Code\bin;C:\Program Files\JetBrains\JetBrains Rider 2022.2.3\bin;;C:\Program Files\Azure Data Studio\bin;C:\Users\user99\.dotnet\tools;C:\Users\user99\AppData\Roaming\npm;."/>
    <property name="java.vm.info" value="mixed mode, sharing"/>
    <property name="java.vendor" value="Amazon.com Inc."/>
    <property name="java.vm.version" value="18.0.2+9-FR"/>
    <property name="sun.io.unicode.encoding" value="UnicodeLittle"/>
    <property name="java.class.version" value="62.0"/>
  </properties>
  <testcase name="testSimpleExpressionWithDoubleBrackets" classname="SwitchExpressionTests" time="0.051">
    <system-out><![CDATA[1
1
-------------------------------
testSimpleExpressionWithDoubleBrackets
manyonetwomanymanymanymanymanymanymany
manyonetwomanymanymanymanymanymanymany
]]></system-out>
  </testcase>
  <testcase name="testSimpleExpressionWithNested" classname="SwitchExpressionTests" time="0.059">
    <system-out><![CDATA[-------------------------------
testSimpleExpressionWithNested
1123141516272829
1123141516272829
]]></system-out>
  </testcase>
  <testcase name="testSimpleExpressionWithSomeYield" classname="SwitchExpressionTests" time="0.049">
    <system-out><![CDATA[-------------------------------
testSimpleExpressionWithSomeYield
1123000000
1123000000
]]></system-out>
  </testcase>
  <testcase name="testSimpleExpressionWithYields1" classname="SwitchExpressionTests" time="0.046">
    <system-out><![CDATA[test
test
test
test
test
test
test
test
test
test
test
test
test
test
test
test
test
test
test
test
-------------------------------
testSimpleExpressionWithYields1
331123000000
331123000000
]]></system-out>
  </testcase>
  <testcase name="testSimpleExpressionWithYields2" classname="SwitchExpressionTests" time="0.053">
    <system-out><![CDATA[test
test
test
test
test
test
test
test
test
test
test
test
test
test
test
test
test
test
test
test
-------------------------------
testSimpleExpressionWithYields2
1123000000
1123000000
]]></system-out>
  </testcase>
  <testcase name="testSimpleExpression" classname="SwitchExpressionTests" time="0.051">
    <system-out><![CDATA[-------------------------------
testSimpleExpression
manyonetwomanymanymanymanymanymanymany
manyonetwomanymanymanymanymanymanymany
]]></system-out>
  </testcase>
</testsuite>