<?xml version="1.0" encoding="UTF-8"?>
<testsuite xmlns:xsi="http://www.w3.org/2001/XMLSchema-instance" xsi:noNamespaceSchemaLocation="https://maven.apache.org/surefire/maven-surefire-plugin/xsd/surefire-test-report-3.0.xsd" version="3.0" name="SwitchColonFunctionalTests" time="0.408" tests="6" errors="0" skipped="0" failures="0">
  <properties>
    <property name="java.specification.version" value="18"/>
    <property name="sun.cpu.isalist" value="amd64"/>
    <property name="sun.jnu.encoding" value="Cp1251"/>
    <property name="java.class.path" value="D:\Repositories\Spoon_dev\java_code_source_processor\target\test-classes;D:\Repositories\Spoon_dev\java_code_source_processor\target\classes;C:\Users\user99\.m2\repository\fr\inria\gforge\spoon\spoon-core\10.4.0\spoon-core-10.4.0.jar;C:\Users\user99\.m2\repository\org\eclipse\jdt\org.eclipse.jdt.core\3.33.0\org.eclipse.jdt.core-3.33.0.jar;C:\Users\user99\.m2\repository\org\eclipse\jdt\ecj\3.33.0\ecj-3.33.0.jar;C:\Users\user99\.m2\repository\com\martiansoftware\jsap\2.1\jsap-2.1.jar;C:\Users\user99\.m2\repository\org\slf4j\slf4j-api\1.7.36\slf4j-api-1.7.36.jar;C:\Users\user99\.m2\repository\commons-io\commons-io\2.13.0\commons-io-2.13.0.jar;C:\Users\user99\.m2\repository\org\apache\maven\maven-model\3.6.0\maven-model-3.6.0.jar;C:\Users\user99\.m2\repository\org\codehaus\plexus\plexus-utils\3.1.0\plexus-utils-3.1.0.jar;C:\Users\user99\.m2\repository\org\apache\commons\commons-lang3\3.12.0\commons-lang3-3.12.0.jar;C:\Users\user99\.m2\repository\com\fasterxml\jackson\core\jackson-databind\2.15.2\jackson-databind-2.15.2.jar;C:\Users\user99\.m2\repository\com\fasterxml\jackson\core\jackson-annotations\2.15.2\jackson-annotations-2.15.2.jar;C:\Users\user99\.m2\repository\com\fasterxml\jackson\core\jackson-core\2.15.2\jackson-core-2.15.2.jar;C:\Users\user99\.m2\repository\org\apache\commons\commons-compress\1.23.0\commons-compress-1.23.0.jar;C:\Users\user99\.m2\repository\org\apache\maven\shared\maven-invoker\3.2.0\maven-invoker-3.2.0.jar;C:\Users\user99\.m2\repository\org\apache\maven\shared\maven-shared-utils\3.3.4\maven-shared-utils-3.3.4.jar;C:\Users\user99\.m2\repository\javax\inject\javax.inject\1\javax.inject-1.jar;C:\Users\user99\.m2\repository\junit\junit\4.13.2\junit-4.13.2.jar;C:\Users\user99\.m2\repository\org\hamcrest\hamcrest-core\1.3\hamcrest-core-1.3.jar;"/>
    <property name="java.vm.vendor" value="Amazon.com Inc."/>
    <property name="jdt.compiler.useSingleThread" value="true"/>
    <property name="sun.arch.data.model" value="64"/>
    <property name="user.variant" value=""/>
    <property name="java.vendor.url" value="https://aws.amazon.com/corretto/"/>
    <property name="user.timezone" value="Europe/Moscow"/>
    <property name="os.name" value="Windows 10"/>
    <property name="java.vm.specification.version" value="18"/>
    <property name="spoon.log.path" value="${java.io.tmpdir}/spoon-log.log"/>
    <property name="sun.java.launcher" value="SUN_STANDARD"/>
    <property name="user.country" value="US"/>
    <property name="sun.boot.library.path" value="C:\Users\user99\.jdks\corretto-18.0.2\bin"/>
    <property name="sun.java.command" value="C:\Users\user99\AppData\Local\Temp\surefire12489202525777925249\surefirebooter-20231004100049334_3.jar C:\Users\user99\AppData\Local\Temp\surefire12489202525777925249 2023-10-04T10-00-49_232-jvmRun1 surefire-20231004100049334_1tmp surefire_0-20231004100049334_2tmp"/>
    <property name="jdk.debug" value="release"/>
    <property name="surefire.test.class.path" value="D:\Repositories\Spoon_dev\java_code_source_processor\target\test-classes;D:\Repositories\Spoon_dev\java_code_source_processor\target\classes;C:\Users\user99\.m2\repository\fr\inria\gforge\spoon\spoon-core\10.4.0\spoon-core-10.4.0.jar;C:\Users\user99\.m2\repository\org\eclipse\jdt\org.eclipse.jdt.core\3.33.0\org.eclipse.jdt.core-3.33.0.jar;C:\Users\user99\.m2\repository\org\eclipse\jdt\ecj\3.33.0\ecj-3.33.0.jar;C:\Users\user99\.m2\repository\com\martiansoftware\jsap\2.1\jsap-2.1.jar;C:\Users\user99\.m2\repository\org\slf4j\slf4j-api\1.7.36\slf4j-api-1.7.36.jar;C:\Users\user99\.m2\repository\commons-io\commons-io\2.13.0\commons-io-2.13.0.jar;C:\Users\user99\.m2\repository\org\apache\maven\maven-model\3.6.0\maven-model-3.6.0.jar;C:\Users\user99\.m2\repository\org\codehaus\plexus\plexus-utils\3.1.0\plexus-utils-3.1.0.jar;C:\Users\user99\.m2\repository\org\apache\commons\commons-lang3\3.12.0\commons-lang3-3.12.0.jar;C:\Users\user99\.m2\repository\com\fasterxml\jackson\core\jackson-databind\2.15.2\jackson-databind-2.15.2.jar;C:\Users\user99\.m2\repository\com\fasterxml\jackson\core\jackson-annotations\2.15.2\jackson-annotations-2.15.2.jar;C:\Users\user99\.m2\repository\com\fasterxml\jackson\core\jackson-core\2.15.2\jackson-core-2.15.2.jar;C:\Users\user99\.m2\repository\org\apache\commons\commons-compress\1.23.0\commons-compress-1.23.0.jar;C:\Users\user99\.m2\repository\org\apache\maven\shared\maven-invoker\3.2.0\maven-invoker-3.2.0.jar;C:\Users\user99\.m2\repository\org\apache\maven\shared\maven-shared-utils\3.3.4\maven-shared-utils-3.3.4.jar;C:\Users\user99\.m2\repository\javax\inject\javax.inject\1\javax.inject-1.jar;C:\Users\user99\.m2\repository\junit\junit\4.13.2\junit-4.13.2.jar;C:\Users\user99\.m2\repository\org\hamcrest\hamcrest-core\1.3\hamcrest-core-1.3.jar;"/>
    <property name="sun.cpu.endian" value="little"/>
    <property name="user.home" value="C:\Users\user99"/>
    <property name="user.language" value="en"/>
    <property name="java.specification.vendor" value="Oracle Corporation"/>
    <property name="java.version.date" value="2022-07-19"/>
    <property name="java.home" value="C:\Users\user99\.jdks\corretto-18.0.2"/>
    <property name="file.separator" value="\"/>
    <property name="basedir" value="D:\Repositories\Spoon_dev\java_code_source_processor"/>
    <property name="java.vm.compressedOopsMode" value="Zero based"/>
    <property name="line.separator" value="&#10;"/>
    <property name="java.vm.specification.vendor" value="Oracle Corporation"/>
    <property name="java.specification.name" value="Java Platform API Specification"/>
    <property name="surefire.real.class.path" value="C:\Users\user99\AppData\Local\Temp\surefire12489202525777925249\surefirebooter-20231004100049334_3.jar"/>
    <property name="user.script" value=""/>
    <property name="sun.management.compiler" value="HotSpot 64-Bit Tiered Compilers"/>
    <property name="java.runtime.version" value="18.0.2+9-FR"/>
    <property name="user.name" value="user99"/>
    <property name="path.separator" value=";"/>
    <property name="os.version" value="10.0"/>
    <property name="java.runtime.name" value="OpenJDK Runtime Environment"/>
    <property name="file.encoding" value="UTF-8"/>
    <property name="java.vm.name" value="OpenJDK 64-Bit Server VM"/>
    <property name="java.vendor.version" value="Corretto-18.0.2.9.1"/>
    <property name="localRepository" value="C:\Users\user99\.m2\repository"/>
    <property name="java.vendor.url.bug" value="https://github.com/corretto/corretto-18/issues/"/>
    <property name="java.io.tmpdir" value="C:\Users\user99\AppData\Local\Temp\"/>
    <property name="idea.version" value="2023.2.1"/>
    <property name="java.version" value="18.0.2"/>
    <property name="user.dir" value="D:\Repositories\Spoon_dev\java_code_source_processor"/>
    <property name="os.arch" value="amd64"/>
    <property name="java.vm.specification.name" value="Java Virtual Machine Specification"/>
    <property name="sun.os.patch.level" value=""/>
    <property name="native.encoding" value="Cp1251"/>
    <property name="java.library.path" value="C:\Users\user99\.jdks\corretto-18.0.2\bin;C:\Windows\Sun\Java\bin;C:\Windows\system32;C:\Windows;C:\Windows\system32;C:\Windows;C:\Windows\System32\Wbem;C:\Windows\System32\WindowsPowerShell\v1.0\;C:\Windows\System32\OpenSSH\;C:\Program Files\Git\cmd;C:\Program Files\TortoiseSVN\bin;C:\Program Files\Microsoft SQL Server\Client SDK\ODBC\170\Tools\Binn\;C:\Program Files\Microsoft SQL Server\150\Tools\Binn\;C:\Program Files (x86)\Microsoft SQL Server\150\DTS\Binn\;C:\Program Files\Azure Data Studio\bin;C:\Program Files (x86)\Microsoft SQL Server\150\Tools\Binn\;C:\Program Files\Microsoft SQL Server\150\DTS\Binn\;C:\Program Files\dotnet\;C:\Program Files\nodejs\;C:\Program Files\Docker\Docker\resources\bin;C:\Users\user99\AppData\Local\Microsoft\WindowsApps;;C:\Users\user99\AppData\Local\Programs\Microsoft VS Code\bin;C:\Program Files\JetBrains\JetBrains Rider 2022.2.3\bin;;C:\Program Files\Azure Data Studio\bin;C:\Users\user99\.dotnet\tools;C:\Users\user99\AppData\Roaming\npm;."/>
    <property name="java.vm.info" value="mixed mode, sharing"/>
    <property name="java.vendor" value="Amazon.com Inc."/>
    <property name="java.vm.version" value="18.0.2+9-FR"/>
    <property name="sun.io.unicode.encoding" value="UnicodeLittle"/>
    <property name="java.class.version" value="62.0"/>
  </properties>
  <testcase name="testMostPrimitiveCase2" classname="SwitchColonFunctionalTests" time="0.076">
    <system-out><![CDATA[-------------------------------
testMostPrimitiveCase2
1default3
1default3
-------------------------------
testMostPrimitiveCase2
1default3
1default3
-------------------------------
testMostPrimitiveCase2
default3
default3
-------------------------------
testMostPrimitiveCase2
3
3
-------------------------------
testMostPrimitiveCase2
default3
default3
-------------------------------
testMostPrimitiveCase2
default3
default3
-------------------------------
testMostPrimitiveCase2
default3
default3
-------------------------------
testMostPrimitiveCase2
default3
default3
-------------------------------
testMostPrimitiveCase2
default3
default3
-------------------------------
testMostPrimitiveCase2
default3
default3
]]></system-out>
  </testcase>
  <testcase name="testMostPrimitiveCase" classname="SwitchColonFunctionalTests" time="0.064">
    <system-out><![CDATA[-------------------------------
testMostPrimitiveCase
12default3
12default3
-------------------------------
testMostPrimitiveCase
12default3
12default3
-------------------------------
testMostPrimitiveCase
2default3
2default3
-------------------------------
testMostPrimitiveCase
3
3
-------------------------------
testMostPrimitiveCase
default3
default3
-------------------------------
testMostPrimitiveCase
default3
default3
-------------------------------
testMostPrimitiveCase
default3
default3
-------------------------------
testMostPrimitiveCase
default3
default3
-------------------------------
testMostPrimitiveCase
default3
default3
-------------------------------
testMostPrimitiveCase
default3
default3
]]></system-out>
  </testcase>
  <testcase name="testEmptyCase" classname="SwitchColonFunctionalTests" time="0.068">
    <system-out><![CDATA[-------------------------------
testEmptyCase
getValue is called
getValue is called
-------------------------------
testEmptyCase
getValue is called
getValue is called
-------------------------------
testEmptyCase
getValue is called
getValue is called
-------------------------------
testEmptyCase
getValue is called
getValue is called
-------------------------------
testEmptyCase
getValue is called
getValue is called
-------------------------------
testEmptyCase
getValue is called
getValue is called
-------------------------------
testEmptyCase
getValue is called
getValue is called
-------------------------------
testEmptyCase
getValue is called
getValue is called
-------------------------------
testEmptyCase
getValue is called
getValue is called
-------------------------------
testEmptyCase
getValue is called
getValue is called
]]></system-out>
  </testcase>
  <testcase name="testFromTask" classname="SwitchColonFunctionalTests" time="0.086">
    <system-out><![CDATA[-------------------------------
testFromTask
BEFORE0
BEFORE0
-------------------------------
testFromTask
BEFORE1111111111AFTER
BEFORE1111111111AFTER
-------------------------------
testFromTask
BEFOREDEFAULT22DEFAULT22DEFAULT22DEFAULT22DEFAULT22DEFAULT22DEFAULT22DEFAULT22DEFAULT22DEFAULT22AFTER
BEFOREDEFAULT22DEFAULT22DEFAULT22DEFAULT22DEFAULT22DEFAULT22DEFAULT22DEFAULT22DEFAULT22DEFAULT22AFTER
-------------------------------
testFromTask
BEFORE23232323232323232323AFTER
BEFORE23232323232323232323AFTER
-------------------------------
testFromTask
BEFOREDEFAULT24DEFAULT24DEFAULT24DEFAULT24DEFAULT24DEFAULT24DEFAULT24DEFAULT24DEFAULT24DEFAULT24AFTER
BEFOREDEFAULT24DEFAULT24DEFAULT24DEFAULT24DEFAULT24DEFAULT24DEFAULT24DEFAULT24DEFAULT24DEFAULT24AFTER
-------------------------------
testFromTask
BEFOREDEFAULT25DEFAULT25DEFAULT25DEFAULT25DEFAULT25DEFAULT25DEFAULT25DEFAULT25DEFAULT25DEFAULT25AFTER
BEFOREDEFAULT25DEFAULT25DEFAULT25DEFAULT25DEFAULT25DEFAULT25DEFAULT25DEFAULT25DEFAULT25DEFAULT25AFTER
-------------------------------
testFromTask
BEFORE26262626262626262626AFTER
BEFORE26262626262626262626AFTER
-------------------------------
testFromTask
BEFOREDEFAULT27DEFAULT27DEFAULT27DEFAULT27DEFAULT27DEFAULT27DEFAULT27DEFAULT27DEFAULT27DEFAULT27AFTER
BEFOREDEFAULT27DEFAULT27DEFAULT27DEFAULT27DEFAULT27DEFAULT27DEFAULT27DEFAULT27DEFAULT27DEFAULT27AFTER
-------------------------------
testFromTask
BEFOREDEFAULT28DEFAULT28DEFAULT28DEFAULT28DEFAULT28DEFAULT28DEFAULT28DEFAULT28DEFAULT28DEFAULT28AFTER
BEFOREDEFAULT28DEFAULT28DEFAULT28DEFAULT28DEFAULT28DEFAULT28DEFAULT28DEFAULT28DEFAULT28DEFAULT28AFTER
-------------------------------
testFromTask
BEFOREDEFAULT29DEFAULT29DEFAULT29DEFAULT29DEFAULT29DEFAULT29DEFAULT29DEFAULT29DEFAULT29DEFAULT29AFTER
BEFOREDEFAULT29DEFAULT29DEFAULT29DEFAULT29DEFAULT29DEFAULT29DEFAULT29DEFAULT29DEFAULT29DEFAULT29AFTER
]]></system-out>
  </testcase>
  <testcase name="testColonSwitchWithReturns" classname="SwitchColonFunctionalTests" time="0.056">
    <system-out><![CDATA[-------------------------------
testColonSwitchWithReturns
1
1
-------------------------------
testColonSwitchWithReturns
1
1
-------------------------------
testColonSwitchWithReturns
2
2
-------------------------------
testColonSwitchWithReturns
0
0
-------------------------------
testColonSwitchWithReturns
0
0
-------------------------------
testColonSwitchWithReturns
0
0
-------------------------------
testColonSwitchWithReturns
0
0
-------------------------------
testColonSwitchWithReturns
0
0
-------------------------------
testColonSwitchWithReturns
0
0
-------------------------------
testColonSwitchWithReturns
0
0
]]></system-out>
  </testcase>
  <testcase name="testColonSwitchStatement" classname="SwitchColonFunctionalTests" time="0.054">
    <system-out><![CDATA[-------------------------------
testColonSwitchStatement
BEFOREDEFAULT0112 or 342 or 344DEFAULT01DEFAULT01DEFAULT01DEFAULT01DEFAULT01AFTER
BEFOREDEFAULT0112 or 342 or 344DEFAULT01DEFAULT01DEFAULT01DEFAULT01DEFAULT01AFTER
-------------------------------
testColonSwitchStatement
BEFOREDEFAULT1112 or 342 or 344DEFAULT11DEFAULT11DEFAULT11DEFAULT11DEFAULT11AFTER
BEFOREDEFAULT1112 or 342 or 344DEFAULT11DEFAULT11DEFAULT11DEFAULT11DEFAULT11AFTER
-------------------------------
testColonSwitchStatement
BEFOREDEFAULT2112 or 342 or 344DEFAULT21DEFAULT21DEFAULT21DEFAULT21DEFAULT21AFTER
BEFOREDEFAULT2112 or 342 or 344DEFAULT21DEFAULT21DEFAULT21DEFAULT21DEFAULT21AFTER
-------------------------------
testColonSwitchStatement
BEFOREDEFAULT3112 or 342 or 344DEFAULT31DEFAULT31DEFAULT31DEFAULT31DEFAULT31AFTER
BEFOREDEFAULT3112 or 342 or 344DEFAULT31DEFAULT31DEFAULT31DEFAULT31DEFAULT31AFTER
-------------------------------
testColonSwitchStatement
BEFOREDEFAULT4112 or 342 or 344DEFAULT41DEFAULT41DEFAULT41DEFAULT41DEFAULT41AFTER
BEFOREDEFAULT4112 or 342 or 344DEFAULT41DEFAULT41DEFAULT41DEFAULT41DEFAULT41AFTER
-------------------------------
testColonSwitchStatement
BEFOREDEFAULT5112 or 342 or 344DEFAULT51DEFAULT51DEFAULT51DEFAULT51DEFAULT51AFTER
BEFOREDEFAULT5112 or 342 or 344DEFAULT51DEFAULT51DEFAULT51DEFAULT51DEFAULT51AFTER
-------------------------------
testColonSwitchStatement
BEFOREDEFAULT6112 or 342 or 344DEFAULT61DEFAULT61DEFAULT61DEFAULT61DEFAULT61AFTER
BEFOREDEFAULT6112 or 342 or 344DEFAULT61DEFAULT61DEFAULT61DEFAULT61DEFAULT61AFTER
-------------------------------
testColonSwitchStatement
BEFOREDEFAULT7112 or 342 or 344DEFAULT71DEFAULT71DEFAULT71DEFAULT71DEFAULT71AFTER
BEFOREDEFAULT7112 or 342 or 344DEFAULT71DEFAULT71DEFAULT71DEFAULT71DEFAULT71AFTER
-------------------------------
testColonSwitchStatement
BEFOREDEFAULT8112 or 342 or 344DEFAULT81DEFAULT81DEFAULT81DEFAULT81DEFAULT81AFTER
BEFOREDEFAULT8112 or 342 or 344DEFAULT81DEFAULT81DEFAULT81DEFAULT81DEFAULT81AFTER
-------------------------------
testColonSwitchStatement
BEFOREDEFAULT9112 or 342 or 344DEFAULT91DEFAULT91DEFAULT91DEFAULT91DEFAULT91AFTER
BEFOREDEFAULT9112 or 342 or 344DEFAULT91DEFAULT91DEFAULT91DEFAULT91DEFAULT91AFTER
]]></system-out>
  </testcase>
</testsuite>